<?xml version="1.0" encoding="UTF-8"?>
<beans xmlns="http://www.springframework.org/schema/beans"
       xmlns:xsi="http://www.w3.org/2001/XMLSchema-instance"
       xmlns:context="http://www.springframework.org/schema/context"
       xsi:schemaLocation="http://www.springframework.org/schema/beans
       http://www.springframework.org/schema/beans/spring-beans.xsd http://www.springframework.org/schema/context http://www.springframework.org/schema/context/spring-context.xsd">

    <context:property-placeholder location="classpath:test-application.properties"/>
    <context:component-scan base-package="com.intetics.validation"/>

    <import resource="classpath:spring/root-context.xml"/>

    <!-- db unit configuration -->
    <bean id="dataTypeFactory" class="org.dbunit.ext.postgresql.PostgresqlDataTypeFactory"/>

    <bean id="databaseConfig" class="com.github.springtestdbunit.bean.DatabaseConfigBean">
        <property name="datatypeFactory" ref="dataTypeFactory"/>
    </bean>

    <bean id="dbUnitDatabaseConnection"
          class="com.github.springtestdbunit.bean.DatabaseDataSourceConnectionFactoryBean">
        <property name="dataSource" ref="dataSource"/>
        <property name="databaseConfig" ref="databaseConfig"/>
    </bean>

</beans>